<?xml version="1.0" encoding="UTF-8"?>
<testsuite xmlns:xsi="http://www.w3.org/2001/XMLSchema-instance" xsi:noNamespaceSchemaLocation="https://maven.apache.org/surefire/maven-surefire-plugin/xsd/surefire-test-report.xsd" name="org.aka.sdk.sdk.test.ApiTest" time="17.143" tests="2" errors="0" skipped="0" failures="0">
  <properties>
[...]
</properties>
  <testcase name="test_wx" classname="org.aka.sdk.sdk.test.ApiTest" time="1.993"/>
  <testcase name="test_http" classname="org.aka.sdk.sdk.test.ApiTest" time="15.096"/>
</testsuite>